1530953092940	geckodriver	INFO	Listening on 127.0.0.1:53693
1530953096218	mozprofile::profile	INFO	Using profile path C:\Users\Lenovo\AppData\Local\Temp\rust_mozprofile.u9WZDLf36GW2
1530953096240	geckodriver::marionette	INFO	Starting browser C:\Program Files\Mozilla Firefox\firefox.exe
1530953096287	geckodriver::marionette	INFO	Connecting to Marionette on localhost:53702
1530953104957	Marionette	INFO	Listening on port 53702
1530953110894	Marionette	INFO	startBrowser 2b23e7de-2460-4dfa-9276-ca2e04a21822
*************************
A coding exception was thrown and uncaught in a Task.

Full message: TypeError: can't access dead object
Full stack: find_@chrome://marionette/content/element.js:279:7
element.find/</findElements<@chrome://marionette/content/element.js:250:15
implicitlyWaitFor/</elementSearch@chrome://marionette/content/element.js:575:15
implicitlyWaitFor/<@chrome://marionette/content/element.js:594:5
implicitlyWaitFor@chrome://marionette/content/element.js:568:10
element.find/<@chrome://marionette/content/element.js:249:24
element.find@chrome://marionette/content/element.js:248:10
findElementContent@chrome://marionette/content/listener.js:1044:18
TaskImpl_run@resource://gre/modules/Task.jsm:319:40
TaskImpl@resource://gre/modules/Task.jsm:280:3
createAsyncFunction/asyncFunction@resource://gre/modules/Task.jsm:254:14
Task_spawn@resource://gre/modules/Task.jsm:168:12
TaskImpl_handleResultValue@resource://gre/modules/Task.jsm:388:16
TaskImpl_run@resource://gre/modules/Task.jsm:327:13
TaskImpl@resource://gre/modules/Task.jsm:280:3
createAsyncFunction/asyncFunction@resource://gre/modules/Task.jsm:254:14
Task_spawn@resource://gre/modules/Task.jsm:168:12
dispatch/<@chrome://marionette/content/listener.js:186:15

*************************
*************************
A coding exception was thrown and uncaught in a Task.

Full message: TypeError: can't access dead object
Full stack: find_@chrome://marionette/content/element.js:279:7
element.find/</findElements<@chrome://marionette/content/element.js:250:15
implicitlyWaitFor/</elementSearch@chrome://marionette/content/element.js:575:15
implicitlyWaitFor/<@chrome://marionette/content/element.js:594:5
implicitlyWaitFor@chrome://marionette/content/element.js:568:10
element.find/<@chrome://marionette/content/element.js:249:24
element.find@chrome://marionette/content/element.js:248:10
findElementContent@chrome://marionette/content/listener.js:1044:18
TaskImpl_run@resource://gre/modules/Task.jsm:319:40
TaskImpl@resource://gre/modules/Task.jsm:280:3
createAsyncFunction/asyncFunction@resource://gre/modules/Task.jsm:254:14
Task_spawn@resource://gre/modules/Task.jsm:168:12
TaskImpl_handleResultValue@resource://gre/modules/Task.jsm:388:16
TaskImpl_run@resource://gre/modules/Task.jsm:327:13
TaskImpl@resource://gre/modules/Task.jsm:280:3
createAsyncFunction/asyncFunction@resource://gre/modules/Task.jsm:254:14
Task_spawn@resource://gre/modules/Task.jsm:168:12
dispatch/<@chrome://marionette/content/listener.js:186:15

*************************
JavaScript warning: https://s3.music.126.net/web/s/core.js?ba5f34b40bfda966a41ed4d4cd1036be, line 94: unreachable code after return statement
JavaScript error: https://you.163.com/act/pub/Y0wUoho4Ic.html?from=web_gg_mail_xsh, line 805: NS_ERROR_NOT_AVAILABLE: 
JavaScript warning: https://s3.music.126.net/web/s/pt_musicbox_mailplayer.js?ee07b927717fa05ea2a3c806ad0470f4, line 11: unreachable code after return statement
JavaScript warning: https://s3.music.126.net/web/s/pt_musicbox_mailplayer.js?ee07b927717fa05ea2a3c806ad0470f4, line 11: unreachable code after return statement
1530953188013	addons.productaddons	WARN	Failed downloading via XHR, status: 0, reason: error

###!!! [Child][MessageChannel] Error: (msgtype=0x460112,name=PContent::Msg_AsyncMessage) Channel closing: too late to send/recv, messages will be lost

JavaScript error: resource://gre/modules/PerformanceWatcher-content.js, line 49: NS_ERROR_UNEXPECTED: Component returned failure code: 0x8000ffff (NS_ERROR_UNEXPECTED) [nsIMessageSender.sendAsyncMessage]

###!!! [Child][MessageChannel] Error: (msgtype=0x460112,name=PContent::Msg_AsyncMessage) Channel closing: too late to send/recv, messages will be lost

JavaScript error: chrome://global/content/process-content.js, line 30: NS_ERROR_UNEXPECTED: Component returned failure code: 0x8000ffff (NS_ERROR_UNEXPECTED) [nsIMessageSender.sendAsyncMessage]

###!!! [Child][MessageChannel] Error: (msgtype=0x460112,name=PContent::Msg_AsyncMessage) Channel closing: too late to send/recv, messages will be lost

JavaScript error: chrome://global/content/process-content.js, line 30: NS_ERROR_UNEXPECTED: Component returned failure code: 0x8000ffff (NS_ERROR_UNEXPECTED) [nsIMessageSender.sendAsyncMessage]

###!!! [Child][MessageChannel] Error: (msgtype=0x460112,name=PContent::Msg_AsyncMessage) Channel closing: too late to send/recv, messages will be lost

JavaScript error: chrome://global/content/process-content.js, line 30: NS_ERROR_UNEXPECTED: Component returned failure code: 0x8000ffff (NS_ERROR_UNEXPECTED) [nsIMessageSender.sendAsyncMessage]

###!!! [Child][MessageChannel] Error: (msgtype=0x460112,name=PContent::Msg_AsyncMessage) Channel closing: too late to send/recv, messages will be lost

JavaScript error: chrome://global/content/process-content.js, line 30: NS_ERROR_UNEXPECTED: Component returned failure code: 0x8000ffff (NS_ERROR_UNEXPECTED) [nsIMessageSender.sendAsyncMessage]

###!!! [Child][MessageChannel] Error: (msgtype=0x460112,name=PContent::Msg_AsyncMessage) Channel closing: too late to send/recv, messages will be lost

JavaScript error: chrome://global/content/process-content.js, line 30: NS_ERROR_UNEXPECTED: Component returned failure code: 0x8000ffff (NS_ERROR_UNEXPECTED) [nsIMessageSender.sendAsyncMessage]

###!!! [Child][MessageChannel] Error: (msgtype=0x460112,name=PContent::Msg_AsyncMessage) Channel closing: too late to send/recv, messages will be lost

JavaScript error: chrome://global/content/process-content.js, line 30: NS_ERROR_UNEXPECTED: Component returned failure code: 0x8000ffff (NS_ERROR_UNEXPECTED) [nsIMessageSender.sendAsyncMessage]

###!!! [Child][MessageChannel] Error: (msgtype=0x460112,name=PContent::Msg_AsyncMessage) Channel closing: too late to send/recv, messages will be lost

JavaScript error: chrome://global/content/process-content.js, line 30: NS_ERROR_UNEXPECTED: Component returned failure code: 0x8000ffff (NS_ERROR_UNEXPECTED) [nsIMessageSender.sendAsyncMessage]

###!!! [Child][MessageChannel] Error: (msgtype=0x460112,name=PContent::Msg_AsyncMessage) Channel closing: too late to send/recv, messages will be lost

JavaScript error: chrome://global/content/process-content.js, line 30: NS_ERROR_UNEXPECTED: Component returned failure code: 0x8000ffff (NS_ERROR_UNEXPECTED) [nsIMessageSender.sendAsyncMessage]

###!!! [Child][MessageChannel] Error: (msgtype=0x460112,name=PContent::Msg_AsyncMessage) Channel closing: too late to send/recv, messages will be lost

JavaScript error: chrome://global/content/process-content.js, line 30: NS_ERROR_UNEXPECTED: Component returned failure code: 0x8000ffff (NS_ERROR_UNEXPECTED) [nsIMessageSender.sendAsyncMessage]

###!!! [Child][MessageChannel] Error: (msgtype=0x460112,name=PContent::Msg_AsyncMessage) Channel closing: too late to send/recv, messages will be lost

JavaScript error: chrome://global/content/process-content.js, line 30: NS_ERROR_UNEXPECTED: Component returned failure code: 0x8000ffff (NS_ERROR_UNEXPECTED) [nsIMessageSender.sendAsyncMessage]

###!!! [Child][MessageChannel] Error: (msgtype=0x460112,name=PContent::Msg_AsyncMessage) Channel closing: too late to send/recv, messages will be lost

JavaScript error: chrome://global/content/process-content.js, line 30: NS_ERROR_UNEXPECTED: Component returned failure code: 0x8000ffff (NS_ERROR_UNEXPECTED) [nsIMessageSender.sendAsyncMessage]

###!!! [Child][MessageChannel] Error: (msgtype=0x460112,name=PContent::Msg_AsyncMessage) Channel closing: too late to send/recv, messages will be lost

JavaScript error: chrome://global/content/process-content.js, line 30: NS_ERROR_UNEXPECTED: Component returned failure code: 0x8000ffff (NS_ERROR_UNEXPECTED) [nsIMessageSender.sendAsyncMessage]

###!!! [Child][MessageChannel] Error: (msgtype=0x460112,name=PContent::Msg_AsyncMessage) Channel closing: too late to send/recv, messages will be lost

JavaScript error: chrome://global/content/process-content.js, line 30: NS_ERROR_UNEXPECTED: Component returned failure code: 0x8000ffff (NS_ERROR_UNEXPECTED) [nsIMessageSender.sendAsyncMessage]

###!!! [Child][MessageChannel] Error: (msgtype=0x460112,name=PContent::Msg_AsyncMessage) Channel closing: too late to send/recv, messages will be lost

JavaScript error: chrome://global/content/process-content.js, line 30: NS_ERROR_UNEXPECTED: Component returned failure code: 0x8000ffff (NS_ERROR_UNEXPECTED) [nsIMessageSender.sendAsyncMessage]

###!!! [Child][MessageChannel] Error: (msgtype=0x460112,name=PContent::Msg_AsyncMessage) Channel closing: too late to send/recv, messages will be lost

JavaScript error: chrome://global/content/process-content.js, line 30: NS_ERROR_UNEXPECTED: Component returned failure code: 0x8000ffff (NS_ERROR_UNEXPECTED) [nsIMessageSender.sendAsyncMessage]

###!!! [Child][MessageChannel] Error: (msgtype=0x460112,name=PContent::Msg_AsyncMessage) Channel closing: too late to send/recv, messages will be lost

JavaScript error: chrome://global/content/process-content.js, line 30: NS_ERROR_UNEXPECTED: Component returned failure code: 0x8000ffff (NS_ERROR_UNEXPECTED) [nsIMessageSender.sendAsyncMessage]

###!!! [Child][MessageChannel] Error: (msgtype=0x460112,name=PContent::Msg_AsyncMessage) Channel closing: too late to send/recv, messages will be lost

JavaScript error: chrome://global/content/process-content.js, line 30: NS_ERROR_UNEXPECTED: Component returned failure code: 0x8000ffff (NS_ERROR_UNEXPECTED) [nsIMessageSender.sendAsyncMessage]

###!!! [Child][OnMaybeDequeueOne] Error: Channel closing: too late to send/recv, messages will be lost


###!!! [Child][MessageChannel] Error: (msgtype=0x460112,name=PContent::Msg_AsyncMessage) Channel closing: too late to send/recv, messages will be lost

JavaScript error: chrome://global/content/process-content.js, line 30: NS_ERROR_UNEXPECTED: Component returned failure code: 0x8000ffff (NS_ERROR_UNEXPECTED) [nsIMessageSender.sendAsyncMessage]

###!!! [Child][MessageChannel] Error: (msgtype=0x460112,name=PContent::Msg_AsyncMessage) Channel closing: too late to send/recv, messages will be lost

JavaScript error: chrome://global/content/process-content.js, line 30: NS_ERROR_UNEXPECTED: Component returned failure code: 0x8000ffff (NS_ERROR_UNEXPECTED) [nsIMessageSender.sendAsyncMessage]

###!!! [Child][MessageChannel] Error: (msgtype=0x460112,name=PContent::Msg_AsyncMessage) Channel closing: too late to send/recv, messages will be lost

JavaScript error: chrome://global/content/process-content.js, line 30: NS_ERROR_UNEXPECTED: Component returned failure code: 0x8000ffff (NS_ERROR_UNEXPECTED) [nsIMessageSender.sendAsyncMessage]

###!!! [Child][MessageChannel] Error: (msgtype=0x460112,name=PContent::Msg_AsyncMessage) Channel closing: too late to send/recv, messages will be lost

JavaScript error: chrome://global/content/process-content.js, line 30: NS_ERROR_UNEXPECTED: Component returned failure code: 0x8000ffff (NS_ERROR_UNEXPECTED) [nsIMessageSender.sendAsyncMessage]

###!!! [Child][MessageChannel] Error: (msgtype=0x460112,name=PContent::Msg_AsyncMessage) Channel closing: too late to send/recv, messages will be lost

JavaScript error: chrome://global/content/process-content.js, line 30: NS_ERROR_UNEXPECTED: Component returned failure code: 0x8000ffff (NS_ERROR_UNEXPECTED) [nsIMessageSender.sendAsyncMessage]

###!!! [Child][MessageChannel] Error: (msgtype=0x460112,name=PContent::Msg_AsyncMessage) Channel closing: too late to send/recv, messages will be lost

JavaScript error: chrome://global/content/process-content.js, line 30: NS_ERROR_UNEXPECTED: Component returned failure code: 0x8000ffff (NS_ERROR_UNEXPECTED) [nsIMessageSender.sendAsyncMessage]

###!!! [Child][MessageChannel] Error: (msgtype=0x2C0043,name=PBrowser::Msg___delete__) Channel closing: too late to send/recv, messages will be lost


###!!! [Child][OnMaybeDequeueOne] Error: Channel closing: too late to send/recv, messages will be lost


###!!! [Child][MessageChannel] Error: (msgtype=0x4600BB,name=PContent::Msg_ConsoleMessage) Channel closing: too late to send/recv, messages will be lost

